# JRE version: Java(TM) SE Runtime Environment (8.0_20-b26) (build 1.8.0_20-b26)
# Java VM: Java HotSpot(TM) 64-Bit Server VM (25.20-b23 mixed mode windows-amd64 compressed oops)
Heap:
 PSYoungGen      total 9216K, used 2861K [0x00000000f6100000, 0x00000000f6e00000, 0x0000000100000000)
  eden space 8192K, 22% used [0x00000000f6100000,0x00000000f62d34c8,0x00000000f6900000)
  from space 1024K, 96% used [0x00000000f6900000,0x00000000f69f8080,0x00000000f6a00000)
  to   space 2560K, 0% used [0x00000000f6b80000,0x00000000f6b80000,0x00000000f6e00000)
 ParOldGen       total 20480K, used 3195K [0x00000000e2200000, 0x00000000e3600000, 0x00000000f6100000)
  object space 20480K, 15% used [0x00000000e2200000,0x00000000e251ede0,0x00000000e3600000)
 Metaspace       used 9202K, capacity 9314K, committed 9600K, reserved 1058816K
  class space    used 1005K, capacity 1061K, committed 1152K, reserved 1048576K
GC Heap History (10 events):
Event: 107.281 GC heap before
{Heap before GC invocations=1 (full 0):
 PSYoungGen      total 9216K, used 8192K [0x00000000f6100000, 0x00000000f6b00000, 0x0000000100000000)
  eden space 8192K, 100% used [0x00000000f6100000,0x00000000f6900000,0x00000000f6900000)
  from space 1024K, 0% used [0x00000000f6a00000,0x00000000f6a00000,0x00000000f6b00000)
  to   space 1024K, 0% used [0x00000000f6900000,0x00000000f6900000,0x00000000f6a00000)
 ParOldGen       total 20480K, used 0K [0x00000000e2200000, 0x00000000e3600000, 0x00000000f6100000)
  object space 20480K, 0% used [0x00000000e2200000,0x00000000e2200000,0x00000000e3600000)
 Metaspace       used 8554K, capacity 8650K, committed 8832K, reserved 1056768K
  class space    used 1000K, capacity 1057K, committed 1152K, reserved 1048576K
Event: 107.287 GC heap after
Heap after GC invocations=1 (full 0):
 PSYoungGen      total 9216K, used 992K [0x00000000f6100000, 0x00000000f6b00000, 0x0000000100000000)
  eden space 8192K, 0% used [0x00000000f6100000,0x00000000f6100000,0x00000000f6900000)
  from space 1024K, 96% used [0x00000000f6900000,0x00000000f69f8020,0x00000000f6a00000)
  to   space 1024K, 0% used [0x00000000f6a00000,0x00000000f6a00000,0x00000000f6b00000)
 ParOldGen       total 20480K, used 1091K [0x00000000e2200000, 0x00000000e3600000, 0x00000000f6100000)
  object space 20480K, 5% used [0x00000000e2200000,0x00000000e2310de0,0x00000000e3600000)
 Metaspace       used 8554K, capacity 8650K, committed 8832K, reserved 1056768K
  class space    used 1000K, capacity 1057K, committed 1152K, reserved 1048576K
}
Event: 140.995 GC heap before
{Heap before GC invocations=2 (full 0):
 PSYoungGen      total 9216K, used 9184K [0x00000000f6100000, 0x00000000f6b00000, 0x0000000100000000)
  eden space 8192K, 100% used [0x00000000f6100000,0x00000000f6900000,0x00000000f6900000)
  from space 1024K, 96% used [0x00000000f6900000,0x00000000f69f8020,0x00000000f6a00000)
  to   space 1024K, 0% used [0x00000000f6a00000,0x00000000f6a00000,0x00000000f6b00000)
 ParOldGen       total 20480K, used 1091K [0x00000000e2200000, 0x00000000e3600000, 0x00000000f6100000)
  object space 20480K, 5% used [0x00000000e2200000,0x00000000e2310de0,0x00000000e3600000)
 Metaspace       used 8821K, capacity 8930K, committed 9088K, reserved 1056768K
  class space    used 1003K, capacity 1061K, committed 1152K, reserved 1048576K
Event: 141.001 GC heap after
Heap after GC invocations=2 (full 0):
 PSYoungGen      total 9216K, used 1008K [0x00000000f6100000, 0x00000000f6b00000, 0x0000000100000000)
  eden space 8192K, 0% used [0x00000000f6100000,0x00000000f6100000,0x00000000f6900000)
  from space 1024K, 98% used [0x00000000f6a00000,0x00000000f6afc050,0x00000000f6b00000)
  to   space 1024K, 0% used [0x00000000f6900000,0x00000000f6900000,0x00000000f6a00000)
 ParOldGen       total 20480K, used 1595K [0x00000000e2200000, 0x00000000e3600000, 0x00000000f6100000)
  object space 20480K, 7% used [0x00000000e2200000,0x00000000e238ede0,0x00000000e3600000)
 Metaspace       used 8821K, capacity 8930K, committed 9088K, reserved 1056768K
  class space    used 1003K, capacity 1061K, committed 1152K, reserved 1048576K
}
Event: 181.750 GC heap before
{Heap before GC invocations=3 (full 0):
 PSYoungGen      total 9216K, used 9200K [0x00000000f6100000, 0x00000000f6b00000, 0x0000000100000000)
  eden space 8192K, 100% used [0x00000000f6100000,0x00000000f6900000,0x00000000f6900000)
  from space 1024K, 98% used [0x00000000f6a00000,0x00000000f6afc050,0x00000000f6b00000)
  to   space 1024K, 0% used [0x00000000f6900000,0x00000000f6900000,0x00000000f6a00000)
 ParOldGen       total 20480K, used 1595K [0x00000000e2200000, 0x00000000e3600000, 0x00000000f6100000)
  object space 20480K, 7% used [0x00000000e2200000,0x00000000e238ede0,0x00000000e3600000)
 Metaspace       used 8990K, capacity 9122K, committed 9344K, reserved 1056768K
  class space    used 1003K, capacity 1061K, committed 1152K, reserved 1048576K
Event: 181.757 GC heap after
Heap after GC invocations=3 (full 0):
 PSYoungGen      total 9216K, used 1008K [0x00000000f6100000, 0x00000000f6b00000, 0x0000000100000000)
  eden space 8192K, 0% used [0x00000000f6100000,0x00000000f6100000,0x00000000f6900000)
  from space 1024K, 98% used [0x00000000f6900000,0x00000000f69fc050,0x00000000f6a00000)
  to   space 1024K, 0% used [0x00000000f6a00000,0x00000000f6a00000,0x00000000f6b00000)
 ParOldGen       total 20480K, used 2123K [0x00000000e2200000, 0x00000000e3600000, 0x00000000f6100000)
  object space 20480K, 10% used [0x00000000e2200000,0x00000000e2412de0,0x00000000e3600000)
 Metaspace       used 8990K, capacity 9122K, committed 9344K, reserved 1056768K
  class space    used 1003K, capacity 1061K, committed 1152K, reserved 1048576K
}
Event: 222.002 GC heap before
{Heap before GC invocations=4 (full 0):
 PSYoungGen      total 9216K, used 9200K [0x00000000f6100000, 0x00000000f6b00000, 0x0000000100000000)
  eden space 8192K, 100% used [0x00000000f6100000,0x00000000f6900000,0x00000000f6900000)
  from space 1024K, 98% used [0x00000000f6900000,0x00000000f69fc050,0x00000000f6a00000)
  to   space 1024K, 0% used [0x00000000f6a00000,0x00000000f6a00000,0x00000000f6b00000)
 ParOldGen       total 20480K, used 2123K [0x00000000e2200000, 0x00000000e3600000, 0x00000000f6100000)
  object space 20480K, 10% used [0x00000000e2200000,0x00000000e2412de0,0x00000000e3600000)
 Metaspace       used 9085K, capacity 9250K, committed 9344K, reserved 1056768K
  class space    used 1003K, capacity 1061K, committed 1152K, reserved 1048576K
Event: 222.008 GC heap after
Heap after GC invocations=4 (full 0):
 PSYoungGen      total 9216K, used 1008K [0x00000000f6100000, 0x00000000f6b00000, 0x0000000100000000)
  eden space 8192K, 0% used [0x00000000f6100000,0x00000000f6100000,0x00000000f6900000)
  from space 1024K, 98% used [0x00000000f6a00000,0x00000000f6afc070,0x00000000f6b00000)
  to   space 1024K, 0% used [0x00000000f6900000,0x00000000f6900000,0x00000000f6a00000)
 ParOldGen       total 20480K, used 2731K [0x00000000e2200000, 0x00000000e3600000, 0x00000000f6100000)
  object space 20480K, 13% used [0x00000000e2200000,0x00000000e24aade0,0x00000000e3600000)
 Metaspace       used 9085K, capacity 9250K, committed 9344K, reserved 1056768K
  class space    used 1003K, capacity 1061K, committed 1152K, reserved 1048576K
}
Event: 254.217 GC heap before
{Heap before GC invocations=5 (full 0):
 PSYoungGen      total 9216K, used 9200K [0x00000000f6100000, 0x00000000f6b00000, 0x0000000100000000)
  eden space 8192K, 100% used [0x00000000f6100000,0x00000000f6900000,0x00000000f6900000)
  from space 1024K, 98% used [0x00000000f6a00000,0x00000000f6afc070,0x00000000f6b00000)
  to   space 1024K, 0% used [0x00000000f6900000,0x00000000f6900000,0x00000000f6a00000)
 ParOldGen       total 20480K, used 2731K [0x00000000e2200000, 0x00000000e3600000, 0x00000000f6100000)
  object space 20480K, 13% used [0x00000000e2200000,0x00000000e24aade0,0x00000000e3600000)
 Metaspace       used 9174K, capacity 9314K, committed 9600K, reserved 1058816K
  class space    used 1004K, capacity 1061K, committed 1152K, reserved 1048576K
Event: 254.272 GC heap after
Heap after GC invocations=5 (full 0):
 PSYoungGen      total 9216K, used 992K [0x00000000f6100000, 0x00000000f6e00000, 0x0000000100000000)
  eden space 8192K, 0% used [0x00000000f6100000,0x00000000f6100000,0x00000000f6900000)
  from space 1024K, 96% used [0x00000000f6900000,0x00000000f69f8080,0x00000000f6a00000)
  to   space 2560K, 0% used [0x00000000f6b80000,0x00000000f6b80000,0x00000000f6e00000)
 ParOldGen       total 20480K, used 3195K [0x00000000e2200000, 0x00000000e3600000, 0x00000000f6100000)
  object space 20480K, 15% used [0x00000000e2200000,0x00000000e251ede0,0x00000000e3600000)
 Metaspace       used 9174K, capacity 9314K, committed 9600K, reserved 1058816K
  class space    used 1004K, capacity 1061K, committed 1152K, reserved 1048576K
}

