# JRE version: Java(TM) SE Runtime Environment (8.0_20-b26) (build 1.8.0_20-b26)
# Java VM: Java HotSpot(TM) 64-Bit Server VM (25.20-b23 mixed mode windows-amd64 compressed oops)
Heap:
 PSYoungGen      total 27136K, used 20119K [0x00000000e0980000, 0x00000000e2900000, 0x0000000100000000)
  eden space 24064K, 71% used [0x00000000e0980000,0x00000000e1a41df0,0x00000000e2100000)
  from space 3072K, 96% used [0x00000000e2180000,0x00000000e2464070,0x00000000e2480000)
  to   space 4096K, 0% used [0x00000000e2500000,0x00000000e2500000,0x00000000e2900000)
 ParOldGen       total 65536K, used 104K [0x00000000a1c00000, 0x00000000a5c00000, 0x00000000e0980000)
  object space 65536K, 0% used [0x00000000a1c00000,0x00000000a1c1a010,0x00000000a5c00000)
 Metaspace       used 9525K, capacity 9698K, committed 9856K, reserved 1058816K
  class space    used 1008K, capacity 1061K, committed 1152K, reserved 1048576K
GC Heap History (10 events):
Event: 106.433 GC heap before
{Heap before GC invocations=1 (full 0):
 PSYoungGen      total 28672K, used 24576K [0x00000000e0980000, 0x00000000e2980000, 0x0000000100000000)
  eden space 24576K, 100% used [0x00000000e0980000,0x00000000e2180000,0x00000000e2180000)
  from space 4096K, 0% used [0x00000000e2580000,0x00000000e2580000,0x00000000e2980000)
  to   space 4096K, 0% used [0x00000000e2180000,0x00000000e2180000,0x00000000e2580000)
 ParOldGen       total 65536K, used 0K [0x00000000a1c00000, 0x00000000a5c00000, 0x00000000e0980000)
  object space 65536K, 0% used [0x00000000a1c00000,0x00000000a1c00000,0x00000000a5c00000)
 Metaspace       used 9005K, capacity 9116K, committed 9344K, reserved 1056768K
  class space    used 1005K, capacity 1060K, committed 1152K, reserved 1048576K
Event: 106.441 GC heap after
Heap after GC invocations=1 (full 0):
 PSYoungGen      total 28672K, used 4084K [0x00000000e0980000, 0x00000000e2980000, 0x0000000100000000)
  eden space 24576K, 0% used [0x00000000e0980000,0x00000000e0980000,0x00000000e2180000)
  from space 4096K, 99% used [0x00000000e2180000,0x00000000e257d150,0x00000000e2580000)
  to   space 4096K, 0% used [0x00000000e2580000,0x00000000e2580000,0x00000000e2980000)
 ParOldGen       total 65536K, used 0K [0x00000000a1c00000, 0x00000000a5c00000, 0x00000000e0980000)
  object space 65536K, 0% used [0x00000000a1c00000,0x00000000a1c00000,0x00000000a5c00000)
 Metaspace       used 9005K, capacity 9116K, committed 9344K, reserved 1056768K
  class space    used 1005K, capacity 1060K, committed 1152K, reserved 1048576K
}
Event: 134.989 GC heap before
{Heap before GC invocations=2 (full 0):
 PSYoungGen      total 28672K, used 28660K [0x00000000e0980000, 0x00000000e2980000, 0x0000000100000000)
  eden space 24576K, 100% used [0x00000000e0980000,0x00000000e2180000,0x00000000e2180000)
  from space 4096K, 99% used [0x00000000e2180000,0x00000000e257d150,0x00000000e2580000)
  to   space 4096K, 0% used [0x00000000e2580000,0x00000000e2580000,0x00000000e2980000)
 ParOldGen       total 65536K, used 0K [0x00000000a1c00000, 0x00000000a5c00000, 0x00000000e0980000)
  object space 65536K, 0% used [0x00000000a1c00000,0x00000000a1c00000,0x00000000a5c00000)
 Metaspace       used 9300K, capacity 9442K, committed 9600K, reserved 1058816K
  class space    used 1007K, capacity 1061K, committed 1152K, reserved 1048576K
Event: 134.996 GC heap after
Heap after GC invocations=2 (full 0):
 PSYoungGen      total 28672K, used 2864K [0x00000000e0980000, 0x00000000e2980000, 0x0000000100000000)
  eden space 24576K, 0% used [0x00000000e0980000,0x00000000e0980000,0x00000000e2180000)
  from space 4096K, 69% used [0x00000000e2580000,0x00000000e284c050,0x00000000e2980000)
  to   space 4096K, 0% used [0x00000000e2180000,0x00000000e2180000,0x00000000e2580000)
 ParOldGen       total 65536K, used 88K [0x00000000a1c00000, 0x00000000a5c00000, 0x00000000e0980000)
  object space 65536K, 0% used [0x00000000a1c00000,0x00000000a1c16010,0x00000000a5c00000)
 Metaspace       used 9300K, capacity 9442K, committed 9600K, reserved 1058816K
  class space    used 1007K, capacity 1061K, committed 1152K, reserved 1048576K
}
Event: 152.479 GC heap before
{Heap before GC invocations=3 (full 0):
 PSYoungGen      total 28672K, used 27440K [0x00000000e0980000, 0x00000000e2980000, 0x0000000100000000)
  eden space 24576K, 100% used [0x00000000e0980000,0x00000000e2180000,0x00000000e2180000)
  from space 4096K, 69% used [0x00000000e2580000,0x00000000e284c050,0x00000000e2980000)
  to   space 4096K, 0% used [0x00000000e2180000,0x00000000e2180000,0x00000000e2580000)
 ParOldGen       total 65536K, used 88K [0x00000000a1c00000, 0x00000000a5c00000, 0x00000000e0980000)
  object space 65536K, 0% used [0x00000000a1c00000,0x00000000a1c16010,0x00000000a5c00000)
 Metaspace       used 9418K, capacity 9570K, committed 9856K, reserved 1058816K
  class space    used 1007K, capacity 1061K, committed 1152K, reserved 1048576K
Event: 152.486 GC heap after
Heap after GC invocations=3 (full 0):
 PSYoungGen      total 28672K, used 2880K [0x00000000e0980000, 0x00000000e2980000, 0x0000000100000000)
  eden space 24576K, 0% used [0x00000000e0980000,0x00000000e0980000,0x00000000e2180000)
  from space 4096K, 70% used [0x00000000e2180000,0x00000000e2450060,0x00000000e2580000)
  to   space 4096K, 0% used [0x00000000e2580000,0x00000000e2580000,0x00000000e2980000)
 ParOldGen       total 65536K, used 96K [0x00000000a1c00000, 0x00000000a5c00000, 0x00000000e0980000)
  object space 65536K, 0% used [0x00000000a1c00000,0x00000000a1c18010,0x00000000a5c00000)
 Metaspace       used 9418K, capacity 9570K, committed 9856K, reserved 1058816K
  class space    used 1007K, capacity 1061K, committed 1152K, reserved 1048576K
}
Event: 163.725 GC heap before
{Heap before GC invocations=4 (full 0):
 PSYoungGen      total 28672K, used 27456K [0x00000000e0980000, 0x00000000e2980000, 0x0000000100000000)
  eden space 24576K, 100% used [0x00000000e0980000,0x00000000e2180000,0x00000000e2180000)
  from space 4096K, 70% used [0x00000000e2180000,0x00000000e2450060,0x00000000e2580000)
  to   space 4096K, 0% used [0x00000000e2580000,0x00000000e2580000,0x00000000e2980000)
 ParOldGen       total 65536K, used 96K [0x00000000a1c00000, 0x00000000a5c00000, 0x00000000e0980000)
  object space 65536K, 0% used [0x00000000a1c00000,0x00000000a1c18010,0x00000000a5c00000)
 Metaspace       used 9452K, capacity 9570K, committed 9856K, reserved 1058816K
  class space    used 1007K, capacity 1061K, committed 1152K, reserved 1048576K
Event: 163.730 GC heap after
Heap after GC invocations=4 (full 0):
 PSYoungGen      total 28672K, used 2784K [0x00000000e0980000, 0x00000000e2980000, 0x0000000100000000)
  eden space 24576K, 0% used [0x00000000e0980000,0x00000000e0980000,0x00000000e2180000)
  from space 4096K, 67% used [0x00000000e2580000,0x00000000e2838060,0x00000000e2980000)
  to   space 4096K, 0% used [0x00000000e2180000,0x00000000e2180000,0x00000000e2580000)
 ParOldGen       total 65536K, used 96K [0x00000000a1c00000, 0x00000000a5c00000, 0x00000000e0980000)
  object space 65536K, 0% used [0x00000000a1c00000,0x00000000a1c18010,0x00000000a5c00000)
 Metaspace       used 9452K, capacity 9570K, committed 9856K, reserved 1058816K
  class space    used 1007K, capacity 1061K, committed 1152K, reserved 1048576K
}
Event: 595.509 GC heap before
{Heap before GC invocations=5 (full 0):
 PSYoungGen      total 28672K, used 27360K [0x00000000e0980000, 0x00000000e2980000, 0x0000000100000000)
  eden space 24576K, 100% used [0x00000000e0980000,0x00000000e2180000,0x00000000e2180000)
  from space 4096K, 67% used [0x00000000e2580000,0x00000000e2838060,0x00000000e2980000)
  to   space 4096K, 0% used [0x00000000e2180000,0x00000000e2180000,0x00000000e2580000)
 ParOldGen       total 65536K, used 96K [0x00000000a1c00000, 0x00000000a5c00000, 0x00000000e0980000)
  object space 65536K, 0% used [0x00000000a1c00000,0x00000000a1c18010,0x00000000a5c00000)
 Metaspace       used 9502K, capacity 9698K, committed 9856K, reserved 1058816K
  class space    used 1008K, capacity 1061K, committed 1152K, reserved 1048576K
Event: 595.515 GC heap after
Heap after GC invocations=5 (full 0):
 PSYoungGen      total 27136K, used 2960K [0x00000000e0980000, 0x00000000e2900000, 0x0000000100000000)
  eden space 24064K, 0% used [0x00000000e0980000,0x00000000e0980000,0x00000000e2100000)
  from space 3072K, 96% used [0x00000000e2180000,0x00000000e2464070,0x00000000e2480000)
  to   space 4096K, 0% used [0x00000000e2500000,0x00000000e2500000,0x00000000e2900000)
 ParOldGen       total 65536K, used 104K [0x00000000a1c00000, 0x00000000a5c00000, 0x00000000e0980000)
  object space 65536K, 0% used [0x00000000a1c00000,0x00000000a1c1a010,0x00000000a5c00000)
 Metaspace       used 9502K, capacity 9698K, committed 9856K, reserved 1058816K
  class space    used 1008K, capacity 1061K, committed 1152K, reserved 1048576K
}

