# JRE version: Java(TM) SE Runtime Environment (8.0_20-b26) (build 1.8.0_20-b26)
# Java VM: Java HotSpot(TM) 64-Bit Server VM (25.20-b23 mixed mode windows-amd64 compressed oops)
Heap:
 PSYoungGen      total 24064K, used 11855K [0x00000000f6100000, 0x00000000f8800000, 0x0000000100000000)
  eden space 21504K, 49% used [0x00000000f6100000,0x00000000f6b4bca8,0x00000000f7600000)
  from space 2560K, 51% used [0x00000000f7600000,0x00000000f7748000,0x00000000f7880000)
  to   space 2560K, 0% used [0x00000000f8580000,0x00000000f8580000,0x00000000f8800000)
 ParOldGen       total 20480K, used 4247K [0x00000000e2200000, 0x00000000e3600000, 0x00000000f6100000)
  object space 20480K, 20% used [0x00000000e2200000,0x00000000e2625ec0,0x00000000e3600000)
 Metaspace       used 9626K, capacity 9762K, committed 9856K, reserved 1058816K
  class space    used 1014K, capacity 1061K, committed 1152K, reserved 1048576K
GC Heap History (10 events):
Event: 73.510 GC heap before
{Heap before GC invocations=11 (full 0):
 PSYoungGen      total 10752K, used 8768K [0x00000000f6100000, 0x00000000f7300000, 0x0000000100000000)
  eden space 8192K, 100% used [0x00000000f6100000,0x00000000f6900000,0x00000000f6900000)
  from space 2560K, 22% used [0x00000000f6b80000,0x00000000f6c10000,0x00000000f6e00000)
  to   space 2560K, 0% used [0x00000000f6900000,0x00000000f6900000,0x00000000f6b80000)
 ParOldGen       total 20480K, used 4159K [0x00000000e2200000, 0x00000000e3600000, 0x00000000f6100000)
  object space 20480K, 20% used [0x00000000e2200000,0x00000000e260fec0,0x00000000e3600000)
 Metaspace       used 9422K, capacity 9570K, committed 9856K, reserved 1058816K
  class space    used 1005K, capacity 1061K, committed 1152K, reserved 1048576K
Event: 73.522 GC heap after
Heap after GC invocations=11 (full 0):
 PSYoungGen      total 10752K, used 608K [0x00000000f6100000, 0x00000000f7300000, 0x0000000100000000)
  eden space 8192K, 0% used [0x00000000f6100000,0x00000000f6100000,0x00000000f6900000)
  from space 2560K, 23% used [0x00000000f6900000,0x00000000f6998000,0x00000000f6b80000)
  to   space 2560K, 0% used [0x00000000f7080000,0x00000000f7080000,0x00000000f7300000)
 ParOldGen       total 20480K, used 4175K [0x00000000e2200000, 0x00000000e3600000, 0x00000000f6100000)
  object space 20480K, 20% used [0x00000000e2200000,0x00000000e2613ec0,0x00000000e3600000)
 Metaspace       used 9422K, capacity 9570K, committed 9856K, reserved 1058816K
  class space    used 1005K, capacity 1061K, committed 1152K, reserved 1048576K
}
Event: 74.301 GC heap before
{Heap before GC invocations=12 (full 0):
 PSYoungGen      total 10752K, used 8800K [0x00000000f6100000, 0x00000000f7300000, 0x0000000100000000)
  eden space 8192K, 100% used [0x00000000f6100000,0x00000000f6900000,0x00000000f6900000)
  from space 2560K, 23% used [0x00000000f6900000,0x00000000f6998000,0x00000000f6b80000)
  to   space 2560K, 0% used [0x00000000f7080000,0x00000000f7080000,0x00000000f7300000)
 ParOldGen       total 20480K, used 4175K [0x00000000e2200000, 0x00000000e3600000, 0x00000000f6100000)
  object space 20480K, 20% used [0x00000000e2200000,0x00000000e2613ec0,0x00000000e3600000)
 Metaspace       used 9441K, capacity 9634K, committed 9856K, reserved 1058816K
  class space    used 1005K, capacity 1061K, committed 1152K, reserved 1048576K
Event: 74.303 GC heap after
Heap after GC invocations=12 (full 0):
 PSYoungGen      total 15872K, used 608K [0x00000000f6100000, 0x00000000f7300000, 0x0000000100000000)
  eden space 13312K, 0% used [0x00000000f6100000,0x00000000f6100000,0x00000000f6e00000)
  from space 2560K, 23% used [0x00000000f7080000,0x00000000f7118000,0x00000000f7300000)
  to   space 2560K, 0% used [0x00000000f6e00000,0x00000000f6e00000,0x00000000f7080000)
 ParOldGen       total 20480K, used 4199K [0x00000000e2200000, 0x00000000e3600000, 0x00000000f6100000)
  object space 20480K, 20% used [0x00000000e2200000,0x00000000e2619ec0,0x00000000e3600000)
 Metaspace       used 9441K, capacity 9634K, committed 9856K, reserved 1058816K
  class space    used 1005K, capacity 1061K, committed 1152K, reserved 1048576K
}
Event: 75.782 GC heap before
{Heap before GC invocations=13 (full 0):
 PSYoungGen      total 15872K, used 13920K [0x00000000f6100000, 0x00000000f7300000, 0x0000000100000000)
  eden space 13312K, 100% used [0x00000000f6100000,0x00000000f6e00000,0x00000000f6e00000)
  from space 2560K, 23% used [0x00000000f7080000,0x00000000f7118000,0x00000000f7300000)
  to   space 2560K, 0% used [0x00000000f6e00000,0x00000000f6e00000,0x00000000f7080000)
 ParOldGen       total 20480K, used 4199K [0x00000000e2200000, 0x00000000e3600000, 0x00000000f6100000)
  object space 20480K, 20% used [0x00000000e2200000,0x00000000e2619ec0,0x00000000e3600000)
 Metaspace       used 9455K, capacity 9634K, committed 9856K, reserved 1058816K
  class space    used 1005K, capacity 1061K, committed 1152K, reserved 1048576K
Event: 75.807 GC heap after
Heap after GC invocations=13 (full 0):
 PSYoungGen      total 15872K, used 896K [0x00000000f6100000, 0x00000000f7b00000, 0x0000000100000000)
  eden space 13312K, 0% used [0x00000000f6100000,0x00000000f6100000,0x00000000f6e00000)
  from space 2560K, 35% used [0x00000000f6e00000,0x00000000f6ee0000,0x00000000f7080000)
  to   space 2560K, 0% used [0x00000000f7880000,0x00000000f7880000,0x00000000f7b00000)
 ParOldGen       total 20480K, used 4207K [0x00000000e2200000, 0x00000000e3600000, 0x00000000f6100000)
  object space 20480K, 20% used [0x00000000e2200000,0x00000000e261bec0,0x00000000e3600000)
 Metaspace       used 9455K, capacity 9634K, committed 9856K, reserved 1058816K
  class space    used 1005K, capacity 1061K, committed 1152K, reserved 1048576K
}
Event: 80.253 GC heap before
{Heap before GC invocations=14 (full 0):
 PSYoungGen      total 15872K, used 14208K [0x00000000f6100000, 0x00000000f7b00000, 0x0000000100000000)
  eden space 13312K, 100% used [0x00000000f6100000,0x00000000f6e00000,0x00000000f6e00000)
  from space 2560K, 35% used [0x00000000f6e00000,0x00000000f6ee0000,0x00000000f7080000)
  to   space 2560K, 0% used [0x00000000f7880000,0x00000000f7880000,0x00000000f7b00000)
 ParOldGen       total 20480K, used 4207K [0x00000000e2200000, 0x00000000e3600000, 0x00000000f6100000)
  object space 20480K, 20% used [0x00000000e2200000,0x00000000e261bec0,0x00000000e3600000)
 Metaspace       used 9519K, capacity 9698K, committed 9856K, reserved 1058816K
  class space    used 1005K, capacity 1061K, committed 1152K, reserved 1048576K
Event: 80.260 GC heap after
Heap after GC invocations=14 (full 0):
 PSYoungGen      total 24064K, used 928K [0x00000000f6100000, 0x00000000f7b00000, 0x0000000100000000)
  eden space 21504K, 0% used [0x00000000f6100000,0x00000000f6100000,0x00000000f7600000)
  from space 2560K, 36% used [0x00000000f7880000,0x00000000f7968000,0x00000000f7b00000)
  to   space 2560K, 0% used [0x00000000f7600000,0x00000000f7600000,0x00000000f7880000)
 ParOldGen       total 20480K, used 4231K [0x00000000e2200000, 0x00000000e3600000, 0x00000000f6100000)
  object space 20480K, 20% used [0x00000000e2200000,0x00000000e2621ec0,0x00000000e3600000)
 Metaspace       used 9519K, capacity 9698K, committed 9856K, reserved 1058816K
  class space    used 1005K, capacity 1061K, committed 1152K, reserved 1048576K
}
Event: 82.906 GC heap before
{Heap before GC invocations=15 (full 0):
 PSYoungGen      total 24064K, used 22432K [0x00000000f6100000, 0x00000000f7b00000, 0x0000000100000000)
  eden space 21504K, 100% used [0x00000000f6100000,0x00000000f7600000,0x00000000f7600000)
  from space 2560K, 36% used [0x00000000f7880000,0x00000000f7968000,0x00000000f7b00000)
  to   space 2560K, 0% used [0x00000000f7600000,0x00000000f7600000,0x00000000f7880000)
 ParOldGen       total 20480K, used 4231K [0x00000000e2200000, 0x00000000e3600000, 0x00000000f6100000)
  object space 20480K, 20% used [0x00000000e2200000,0x00000000e2621ec0,0x00000000e3600000)
 Metaspace       used 9621K, capacity 9762K, committed 9856K, reserved 1058816K
  class space    used 1014K, capacity 1061K, committed 1152K, reserved 1048576K
Event: 83.053 GC heap after
Heap after GC invocations=15 (full 0):
 PSYoungGen      total 24064K, used 1312K [0x00000000f6100000, 0x00000000f8800000, 0x0000000100000000)
  eden space 21504K, 0% used [0x00000000f6100000,0x00000000f6100000,0x00000000f7600000)
  from space 2560K, 51% used [0x00000000f7600000,0x00000000f7748000,0x00000000f7880000)
  to   space 2560K, 0% used [0x00000000f8580000,0x00000000f8580000,0x00000000f8800000)
 ParOldGen       total 20480K, used 4247K [0x00000000e2200000, 0x00000000e3600000, 0x00000000f6100000)
  object space 20480K, 20% used [0x00000000e2200000,0x00000000e2625ec0,0x00000000e3600000)
 Metaspace       used 9621K, capacity 9762K, committed 9856K, reserved 1058816K
  class space    used 1014K, capacity 1061K, committed 1152K, reserved 1048576K
}

